
[2017-02-10 04:18:57] ::1 user_pn::::: 12345 <<<_ Tambah Menu Baru Gagal. <li>The Name field is required.</li>
<li>The Link field is required.</li>
 _>>>
[2017-02-10 10:55:23] ::1 user_pn::::: 12345 <<<_ Ubah User id 2 Gagal. <li>Unable to access an error message corresponding to your field name Password.()</li>
 _>>>
[2017-02-10 10:55:42] ::1 user_pn::::: 12345 <<<_ Ubah User id 2 Gagal. <li>Unable to access an error message corresponding to your field name Password.()</li>
 _>>>
[2017-02-10 11:02:28] ::1 user_pn::::: 12345 <<<_ Ubah User id 2 Gagal. <li>Unable to access an error message corresponding to your field name Password.()</li>
 _>>>
[2017-02-10 11:03:34] ::1 user_pn::::: 12345 <<<_ Ubah User id 2 Gagal. <li>Unable to access an error message corresponding to your field name Password.()</li>
 _>>>
[2017-02-10 11:04:28] ::1 user_pn::::: 12345 <<<_ Ubah User id 2 Gagal. <li>Unable to access an error message corresponding to your field name Password.()</li>
 _>>>
[2017-02-10 11:11:03] ::1 user_pn::::: 12345 <<<_ Ubah User id 2 Gagal. <li>Unable to access an error message corresponding to your field name Password.()</li>
 _>>>
[2017-02-10 11:27:15] ::1 user_pn::::: 12345 <<<_ Ubah User id 2 Gagal. <li>Unable to access an error message corresponding to your field name Password.()</li>
 _>>>
[2017-02-10 11:30:08] ::1 user_pn::::: 12345 <<<_ Ubah User id 2 Gagal. <li>Unable to access an error message corresponding to your field name Password.()</li>
 _>>>
[2017-02-10 11:35:53] ::1 user_pn::::: 12345 <<<_ Tambah User Baru Gagal. <li>Unable to access an error message corresponding to your field name Password.()</li>
 _>>>
[2017-02-10 11:36:37] ::1 user_pn::::: 12345 <<<_ Tambah User Baru Gagal. <li>Unable to access an error message corresponding to your field name user_pswd.()</li>
 _>>>
[2017-02-10 11:38:39] ::1 user_pn::::: 12345 <<<_ Tambah User Baru Gagal. <li>Unable to access an error message corresponding to your field name Password.()</li>
 _>>>