
[2018-07-06 02:56:21] ::1 user_pn::::: administrator <<<_ Tambah Data Baru Gagal. Dari databasenya.  _>>>
[2018-07-06 02:56:29] ::1 user_pn::::: administrator <<<_ Tambah Data Baru Gagal. Dari databasenya.  _>>>
[2018-07-06 03:03:48] ::1 user_pn::::: administrator <<<_ Tambah Data Baru Gagal. Dari databasenya.  _>>>
[2018-07-06 03:17:18] ::1 user_pn::::: administrator <<<_ Tambah Data Baru Gagal. Dari databasenya.  _>>>
[2018-07-06 04:56:04] ::1 user_pn::::: administrator <<<_ Tambah Data Baru Gagal. Dari databasenya.  _>>>
[2018-07-06 09:29:12] ::1 user_pn::::: administrator <<<_ Tambah Data Baru Gagal. Dari databasenya.  _>>>
[2018-07-06 09:37:58] ::1 user_pn::::: administrator <<<_ Tambah Data Baru Gagal. <li>The pn field is required.</li>
<li>The jabatan field is required.</li>
<li>The permohonan_perangkat field is required.</li>
<li>The Alasan Penggunaan field is required.</li>
<li>The Baru / Replacement field is required.</li>
<li>The Tahun Perangkat field is required.</li>
<li>The Merek Perangkat field is required.</li>
 _>>>
[2018-07-06 09:41:28] ::1 user_pn::::: administrator <<<_ Tambah Data Baru Gagal. <li>The pn field is required.</li>
<li>The jabatan field is required.</li>
<li>The permohonan_perangkat field is required.</li>
<li>The Alasan Penggunaan field is required.</li>
<li>The Baru / Replacement field is required.</li>
<li>The Tahun Perangkat field is required.</li>
<li>The Merek Perangkat field is required.</li>
 _>>>
[2018-07-06 09:43:17] ::1 user_pn::::: administrator <<<_ Tambah Data Baru Gagal. <li>The pn field is required.</li>
<li>The jabatan field is required.</li>
<li>The permohonan_perangkat field is required.</li>
<li>The Alasan Penggunaan field is required.</li>
<li>The Baru / Replacement field is required.</li>
<li>The Tahun Perangkat field is required.</li>
<li>The Merek Perangkat field is required.</li>
 _>>>
[2018-07-06 09:53:42] ::1 user_pn::::: administrator <<<_ Tambah Data Baru Gagal. <li>The pn field is required.</li>
<li>The jabatan field is required.</li>
<li>The permohonan_perangkat field is required.</li>
<li>The Alasan Penggunaan field is required.</li>
<li>The Baru / Replacement field is required.</li>
<li>The Tahun Perangkat field is required.</li>
<li>The Merek Perangkat field is required.</li>
 _>>>