
[2018-07-03 05:42:30] ::1 user_pn::::: administrator <<<_ Tambah Data Baru Gagal. <li>The PN field is required.</li>
<li>The Jabatan field is required.</li>
<li>The Permohonan Perangkat field is required.</li>
<li>The Alasan Penggunaan field is required.</li>
<li>The Baru / Replacement field is required.</li>
<li>The Tahun Perangkat field is required.</li>
<li>The Merek Perangkat field is required.</li>
 _>>>
[2018-07-03 06:02:20] ::1 user_pn::::: administrator <<<_ Tambah Data Baru Gagal. <li>The PN field is required.</li>
<li>The Jabatan field is required.</li>
<li>The Permohonan Perangkat field is required.</li>
<li>The Alasan Penggunaan field is required.</li>
<li>The Baru / Replacement field is required.</li>
<li>The Tahun Perangkat field is required.</li>
<li>The Merek Perangkat field is required.</li>
 _>>>
[2018-07-03 06:09:32] ::1 user_pn::::: administrator <<<_ Tambah Data Baru Gagal. <li>The PN field is required.</li>
<li>The Jabatan field is required.</li>
<li>The Permohonan Perangkat field is required.</li>
<li>The Alasan Penggunaan field is required.</li>
<li>The Baru / Replacement field is required.</li>
<li>The Tahun Perangkat field is required.</li>
<li>The Merek Perangkat field is required.</li>
 _>>>
[2018-07-03 08:59:55] ::1 user_pn::::: administrator <<<_ Tambah Data Baru Gagal. <li>The PN field is required.</li>
<li>The Jabatan field is required.</li>
<li>The Permohonan Perangkat field is required.</li>
<li>The Alasan Penggunaan field is required.</li>
<li>The Baru / Replacement field is required.</li>
<li>The Tahun Perangkat field is required.</li>
<li>The Merek Perangkat field is required.</li>
 _>>>
[2018-07-03 09:03:08] ::1 user_pn::::: administrator <<<_ Tambah Data Baru Gagal. <li>The PN field is required.</li>
<li>The Jabatan field is required.</li>
<li>The Permohonan Perangkat field is required.</li>
<li>The Alasan Penggunaan field is required.</li>
<li>The Baru / Replacement field is required.</li>
<li>The Tahun Perangkat field is required.</li>
<li>The Merek Perangkat field is required.</li>
 _>>>
[2018-07-03 09:03:51] ::1 user_pn::::: administrator <<<_ Tambah Data Baru Gagal. <li>The PN field is required.</li>
<li>The Jabatan field is required.</li>
<li>The Permohonan Perangkat field is required.</li>
<li>The Alasan Penggunaan field is required.</li>
<li>The Baru / Replacement field is required.</li>
<li>The Tahun Perangkat field is required.</li>
<li>The Merek Perangkat field is required.</li>
 _>>>
[2018-07-03 09:27:09] ::1 user_pn::::: administrator <<<_ Tambah Data Baru Gagal. <li>The PN field is required.</li>
<li>The Jabatan field is required.</li>
<li>The Permohonan Perangkat field is required.</li>
<li>The Alasan Penggunaan field is required.</li>
<li>The Baru / Replacement field is required.</li>
<li>The Tahun Perangkat field is required.</li>
<li>The Merek Perangkat field is required.</li>
 _>>>
[2018-07-03 09:34:19] ::1 user_pn::::: administrator <<<_ Tambah Data Baru Gagal. <li>The PN field is required.</li>
<li>The Jabatan field is required.</li>
<li>The Permohonan Perangkat field is required.</li>
<li>The Alasan Penggunaan field is required.</li>
<li>The Baru / Replacement field is required.</li>
<li>The Tahun Perangkat field is required.</li>
<li>The Merek Perangkat field is required.</li>
 _>>>
[2018-07-03 11:07:20] ::1 user_pn::::: administrator <<<_ Tambah Data Baru Gagal. <li>The PN field is required.</li>
<li>The Jabatan field is required.</li>
<li>The Permohonan Perangkat field is required.</li>
<li>The Alasan Penggunaan field is required.</li>
<li>The Baru / Replacement field is required.</li>
<li>The Tahun Perangkat field is required.</li>
<li>The Merek Perangkat field is required.</li>
 _>>>
[2018-07-03 11:39:11] ::1 user_pn::::: administrator <<<_ Tambah Data Baru Gagal. <li>The PN field is required.</li>
<li>The Jabatan field is required.</li>
<li>The Permohonan Perangkat field is required.</li>
<li>The Alasan Penggunaan field is required.</li>
<li>The Baru / Replacement field is required.</li>
<li>The Tahun Perangkat field is required.</li>
<li>The Merek Perangkat field is required.</li>
 _>>>
[2018-07-03 11:41:25] ::1 user_pn::::: administrator <<<_ Tambah Data Baru Gagal. <li>The PN field is required.</li>
<li>The Jabatan field is required.</li>
<li>The Permohonan Perangkat field is required.</li>
<li>The Alasan Penggunaan field is required.</li>
<li>The Baru / Replacement field is required.</li>
<li>The Tahun Perangkat field is required.</li>
<li>The Merek Perangkat field is required.</li>
 _>>>
[2018-07-03 11:59:43] ::1 user_pn::::: administrator <<<_ Tambah Data Baru Gagal. <li>The PN field is required.</li>
<li>The Jabatan field is required.</li>
<li>The Permohonan Perangkat field is required.</li>
<li>The Alasan Penggunaan field is required.</li>
<li>The Baru / Replacement field is required.</li>
<li>The Tahun Perangkat field is required.</li>
<li>The Merek Perangkat field is required.</li>
 _>>>
[2018-07-03 12:22:29] ::1 user_pn::::: administrator <<<_ Tambah Data Baru Gagal. <li>The pn field is required.</li>
<li>The jabatan field is required.</li>
<li>The permohonan_perangkat field is required.</li>
<li>The Alasan Penggunaan field is required.</li>
<li>The Baru / Replacement field is required.</li>
<li>The Tahun Perangkat field is required.</li>
<li>The Merek Perangkat field is required.</li>
 _>>>
[2018-07-03 12:31:08] ::1 user_pn::::: administrator <<<_ Tambah Data Baru Gagal. <li>The pn field is required.</li>
<li>The jabatan field is required.</li>
<li>The permohonan_perangkat field is required.</li>
<li>The Alasan Penggunaan field is required.</li>
<li>The Baru / Replacement field is required.</li>
<li>The Tahun Perangkat field is required.</li>
<li>The Merek Perangkat field is required.</li>
 _>>>
[2018-07-03 12:35:03] ::1 user_pn::::: administrator <<<_ Tambah Data Baru Gagal. <li>The Alasan Penggunaan field is required.</li>
 _>>>
[2018-07-03 12:36:08] ::1 user_pn::::: administrator <<<_ Tambah Data Baru Gagal. <li>The Alasan Penggunaan field is required.</li>
 _>>>
[2018-07-03 12:36:46] ::1 user_pn::::: administrator <<<_ Tambah Data Baru Gagal. Dari databasenya.  _>>>
[2018-07-03 12:38:05] ::1 user_pn::::: administrator <<<_ Tambah Data Baru Gagal. Dari databasenya.  _>>>