
[2017-03-02 04:49:24] ::1 user_pn::::: 12345 <<<_ Tambah Jawaban Baru dengan id 13 Sukses. _>>>
[2017-03-02 04:49:37] ::1 user_pn::::: 12345 <<<_ Hapus Jawaban id (13) Sukses. _>>>
[2017-03-02 04:49:51] ::1 user_pn::::: 12345 <<<_ Tambah Jawaban Baru dengan id 14 Sukses. _>>>
[2017-03-02 05:18:29] ::1 user_pn::::: 12345 <<<_ Tambah Jawaban Baru dengan id 15 Sukses. _>>>
[2017-03-02 08:38:54] ::1 user_pn::::: 12345 <<<_ Tambah Issue Baru dengan id 7 Sukses. _>>>
[2017-03-02 08:45:24] ::1 user_pn::::: 12345 <<<_ Tambah Issue Baru dengan id 8 Sukses. _>>>
[2017-03-02 08:46:46] ::1 user_pn::::: 12345 <<<_ Tambah Issue Baru dengan id 9 Sukses. _>>>
[2017-03-02 08:48:13] ::1 user_pn::::: 12345 <<<_ Tambah Issue Baru dengan id 10 Sukses. _>>>
[2017-03-02 08:51:41] ::1 user_pn::::: 12345 <<<_ Tambah Issue Baru dengan id 11 Sukses. _>>>
[2017-03-02 08:56:06] ::1 user_pn::::: 12345 <<<_ Data ditemukan _>>>
[2017-03-02 08:56:13] ::1 user_pn::::: 12345 <<<_ Data ditemukan _>>>
[2017-03-02 09:05:35] ::1 user_pn::::: 12345 <<<_ Ubah Menu id  Sukses. _>>>
[2017-03-02 09:06:10] ::1 user_pn::::: 12345 <<<_ Ubah Menu id  Sukses. _>>>
[2017-03-02 09:09:40] ::1 user_pn::::: 12345 <<<_ Ubah Menu id  Sukses. _>>>
[2017-03-02 09:09:59] ::1 user_pn::::: 12345 <<<_ Ubah Menu id  Sukses. _>>>
[2017-03-02 09:10:27] ::1 user_pn::::: 12345 <<<_ Ubah Menu id  Sukses. _>>>
[2017-03-02 09:12:55] ::1 user_pn::::: 12345 <<<_ Data ditemukan _>>>
[2017-03-02 09:12:59] ::1 user_pn::::: 12345 <<<_ Data ditemukan _>>>
[2017-03-02 09:13:02] ::1 user_pn::::: 12345 <<<_ Data ditemukan _>>>
[2017-03-02 09:15:09] ::1 user_pn::::: 12345 <<<_ Data ditemukan _>>>
[2017-03-02 09:15:54] ::1 user_pn::::: 12345 <<<_ Data ditemukan _>>>
[2017-03-02 09:16:25] ::1 user_pn::::: 12345 <<<_ Data ditemukan _>>>
[2017-03-02 09:26:44] ::1 user_pn::::: 12345 <<<_ Tambah Jawaban Baru dengan id 16 Sukses. _>>>
[2017-03-02 10:14:37] ::1 user_pn::::: 12345 <<<_ Data ditemukan _>>>
[2017-03-02 10:18:55] ::1 user_pn::::: 12345 <<<_ Data ditemukan _>>>
[2017-03-02 10:19:25] ::1 user_pn::::: 12345 <<<_ Data ditemukan _>>>
[2017-03-02 10:19:59] ::1 user_pn::::: 12345 <<<_ Data ditemukan _>>>
[2017-03-02 10:21:16] ::1 user_pn::::: 12345 <<<_ Data ditemukan _>>>
[2017-03-02 10:21:51] ::1 user_pn::::: 12345 <<<_ Data ditemukan _>>>
[2017-03-02 10:22:29] ::1 user_pn::::: 12345 <<<_ Data ditemukan _>>>
[2017-03-02 10:22:45] ::1 user_pn::::: 12345 <<<_ Data ditemukan _>>>
[2017-03-02 10:23:45] ::1 user_pn::::: 12345 <<<_ Data ditemukan _>>>
[2017-03-02 10:23:47] ::1 user_pn::::: 12345 <<<_ Data ditemukan _>>>
[2017-03-02 10:28:35] ::1 user_pn::::: 12345 <<<_ Data ditemukan _>>>
[2017-03-02 10:30:40] ::1 user_pn::::: 12345 <<<_ Data ditemukan _>>>
[2017-03-02 10:30:59] ::1 user_pn::::: 12345 <<<_ Data ditemukan _>>>
[2017-03-02 10:32:52] ::1 user_pn::::: 12345 <<<_ Data ditemukan _>>>
[2017-03-02 10:33:23] ::1 user_pn::::: 12345 <<<_ Data ditemukan _>>>
[2017-03-02 10:33:48] ::1 user_pn::::: 12345 <<<_ Data ditemukan _>>>