
[2017-03-13 02:47:21] ::1 user_pn::::: 111111 <<<_ Correct id 39 Sukses. _>>>
[2017-03-13 03:46:43] ::1 user_pn::::: 111111 <<<_ Ubah User id  Sukses. _>>>
[2017-03-13 03:59:45] ::1 user_pn::::: 111111 <<<_ Correct id 40 Sukses. _>>>
[2017-03-13 05:18:08] ::1 user_pn::::: 111111 <<<_ Tambah Jawaban Baru dengan id 9 Sukses. _>>>
[2017-03-13 07:24:43] ::1 user_pn::::: 111111 <<<_ Ubah Menu id  Sukses. _>>>
[2017-03-13 08:20:06] ::1 user_pn::::: 111111 <<<_ Ubah Menu id  Sukses. _>>>
[2017-03-13 08:21:42] ::1 user_pn::::: 111111 <<<_ Ubah Menu id  Sukses. _>>>
[2017-03-13 08:22:00] ::1 user_pn::::: 111111 <<<_ Ubah Menu id  Sukses. _>>>
[2017-03-13 08:27:05] ::1 user_pn::::: 111111 <<<_ Data ditemukan _>>>
[2017-03-13 08:27:11] ::1 user_pn::::: 111111 <<<_ Data ditemukan _>>>
[2017-03-13 08:27:16] ::1 user_pn::::: 111111 <<<_ Data ditemukan _>>>
[2017-03-13 08:27:18] ::1 user_pn::::: 111111 <<<_ Data ditemukan _>>>
[2017-03-13 08:27:19] ::1 user_pn::::: 111111 <<<_ Data ditemukan _>>>
[2017-03-13 08:27:19] ::1 user_pn::::: 111111 <<<_ Data ditemukan _>>>
[2017-03-13 08:27:39] ::1 user_pn::::: 111111 <<<_ Data ditemukan _>>>
[2017-03-13 08:27:45] ::1 user_pn::::: 111111 <<<_ Data ditemukan _>>>
[2017-03-13 08:27:48] ::1 user_pn::::: 111111 <<<_ Data ditemukan _>>>
[2017-03-13 08:27:52] ::1 user_pn::::: 111111 <<<_ Data ditemukan _>>>
[2017-03-13 08:27:55] ::1 user_pn::::: 111111 <<<_ Data ditemukan _>>>
[2017-03-13 08:31:01] ::1 user_pn::::: 111111 <<<_ Tambah Menu Baru dengan id 60 Sukses. _>>>
[2017-03-13 09:14:17] ::1 user_pn::::: 111111 <<<_ Tambah Issue Baru dengan id 42 Sukses. _>>>
[2017-03-13 09:41:22] ::1 user_pn::::: 111111 <<<_ Hapus Ticket id (39) Sukses. _>>>
[2017-03-13 09:44:05] ::1 user_pn::::: 111111 <<<_ Hapus Ticket id (39) Sukses. _>>>
[2017-03-13 09:54:18] ::1 user_pn::::: 111111 <<<_ Hapus Ticket id (39) Sukses. _>>>
[2017-03-13 10:06:46] ::1 user_pn::::: 111111 <<<_ Ubah Jawaban id 4 Sukses. _>>>
[2017-03-13 10:06:55] ::1 user_pn::::: 111111 <<<_ Ubah Jawaban id 4 Sukses. _>>>
[2017-03-13 10:29:19] ::1 user_pn::::: 111111 <<<_ Hapus Jawaban id () Sukses. _>>>
[2017-03-13 10:40:32] ::1 user_pn::::: 111111 <<<_ Hapus Jawaban id (5) Sukses. _>>>
[2017-03-13 10:40:49] ::1 user_pn::::: 111111 <<<_ Hapus Jawaban id (4) Sukses. _>>>
[2017-03-13 10:41:11] ::1 user_pn::::: 111111 <<<_ Hapus Ticket id (39) Sukses. _>>>
[2017-03-13 10:41:56] ::1 user_pn::::: 111111 <<<_ Hapus Jawaban id (4) Sukses. _>>>
[2017-03-13 10:59:40] ::1 user_pn::::: 111111 <<<_ Tambah Jawaban Baru dengan id 10 Sukses. _>>>