
[2017-03-07 03:53:11] ::1 user_pn::::: 111111 <<<_ Tambah Note Sukses. _>>>
[2017-03-07 04:19:25] ::1 user_pn::::: 111111 <<<_ Tambah Note Sukses. _>>>
[2017-03-07 04:20:47] ::1 user_pn::::: 111111 <<<_ Tambah Note Sukses. _>>>
[2017-03-07 04:28:15] ::1 user_pn::::: 111111 <<<_ Tambah Note Sukses. _>>>
[2017-03-07 04:33:03] ::1 user_pn::::: 111111 <<<_ Tambah Note Sukses. _>>>
[2017-03-07 04:33:23] ::1 user_pn::::: 111111 <<<_ Tambah Note Sukses. _>>>
[2017-03-07 04:33:49] ::1 user_pn::::: 111111 <<<_ Tambah Note Sukses. _>>>
[2017-03-07 04:35:08] ::1 user_pn::::: 111111 <<<_ Tambah Note Sukses. _>>>
[2017-03-07 04:47:43] ::1 user_pn::::: 111111 <<<_ Tambah Note Sukses. _>>>
[2017-03-07 04:48:33] ::1 user_pn::::: 111111 <<<_ Tambah Note Sukses. _>>>
[2017-03-07 04:49:46] ::1 user_pn::::: 111111 <<<_ Tambah Note Sukses. _>>>
[2017-03-07 04:51:34] ::1 user_pn::::: 111111 <<<_ Tambah Note Sukses. _>>>
[2017-03-07 05:06:27] ::1 user_pn::::: 111111 <<<_ Tambah Note Sukses. _>>>
[2017-03-07 05:07:36] ::1 user_pn::::: 111111 <<<_ Tambah Note Sukses. _>>>
[2017-03-07 05:10:56] ::1 user_pn::::: 111111 <<<_ Tambah Note Sukses. _>>>
[2017-03-07 07:38:56] ::1 user_pn::::: 111111 <<<_ Ubah User id  Sukses. _>>>
[2017-03-07 07:39:22] ::1 user_pn::::: 111111 <<<_ Ubah User id  Sukses. _>>>
[2017-03-07 07:39:44] ::1 user_pn::::: 111111 <<<_ Ubah User id  Sukses. _>>>
[2017-03-07 07:56:30] ::1 user_pn::::: 111111 <<<_ Tambah User Baru dengan id 8 Sukses. _>>>
[2017-03-07 08:00:35] ::1 user_pn::::: 111111 <<<_ Tambah Note Sukses. _>>>
[2017-03-07 08:00:38] ::1 user_pn::::: 111111 <<<_ Tambah Note Sukses. _>>>
[2017-03-07 08:00:41] ::1 user_pn::::: 111111 <<<_ Tambah Note Sukses. _>>>
[2017-03-07 08:00:45] ::1 user_pn::::: 111111 <<<_ Tambah Note Sukses. _>>>
[2017-03-07 08:00:55] ::1 user_pn::::: 111111 <<<_ Tambah Note Sukses. _>>>
[2017-03-07 08:11:47] ::1 user_pn::::: 111111 <<<_ Tambah Note Sukses. _>>>
[2017-03-07 08:18:06] ::1 user_pn::::: 333333 <<<_ Tambah Note Sukses. _>>>
[2017-03-07 08:22:03] ::1 user_pn::::: 333333 <<<_ Ubah User id  Sukses. _>>>
[2017-03-07 08:22:21] ::1 user_pn::::: 333333 <<<_ Ubah User id  Sukses. _>>>
[2017-03-07 08:22:34] ::1 user_pn::::: 333333 <<<_ Ubah User id  Sukses. _>>>
[2017-03-07 08:23:56] ::1 user_pn::::: 333333 <<<_ Tambah Note Sukses. _>>>
[2017-03-07 08:24:33] ::1 user_pn::::: 333333 <<<_ Tambah Note Sukses. _>>>
[2017-03-07 08:25:33] ::1 user_pn::::: 333333 <<<_ Tambah Note Sukses. _>>>
[2017-03-07 08:26:12] ::1 user_pn::::: 333333 <<<_ Tambah Note Sukses. _>>>
[2017-03-07 08:28:21] ::1 user_pn::::: 111111 <<<_ Aktifasi User id (8) 121212 Sukses. _>>>
[2017-03-07 08:34:37] ::1 user_pn::::: 111111 <<<_ Ubah Monitor id 1 Sukses. _>>>
[2017-03-07 08:35:49] ::1 user_pn::::: 111111 <<<_ Ubah Monitor id 1 Sukses. _>>>
[2017-03-07 08:35:58] ::1 user_pn::::: 111111 <<<_ Ubah Monitor id 2 Sukses. _>>>
[2017-03-07 08:36:22] ::1 user_pn::::: 111111 <<<_ Ubah Monitor id 3 Sukses. _>>>
[2017-03-07 08:45:25] ::1 user_pn::::: 111111 <<<_ Tambah Monitor Baru dengan id 5 Sukses. _>>>
[2017-03-07 08:45:54] ::1 user_pn::::: 111111 <<<_ Ubah Monitor id 5 Sukses. _>>>
[2017-03-07 08:56:21] ::1 user_pn::::: 111111 <<<_ Tambah Note Sukses. _>>>
[2017-03-07 08:56:31] ::1 user_pn::::: 111111 <<<_ Ubah User id  Sukses. _>>>
[2017-03-07 08:56:34] ::1 user_pn::::: 111111 <<<_ Ubah User id  Sukses. _>>>
[2017-03-07 08:57:30] ::1 user_pn::::: 111111 <<<_ Ubah User id  Sukses. _>>>
[2017-03-07 09:04:12] ::1 user_pn::::: 111111 <<<_ Tambah Menu Baru dengan id 59 Sukses. _>>>
[2017-03-07 09:05:48] ::1 user_pn::::: 111111 <<<_ Ubah Menu id  Sukses. _>>>
[2017-03-07 09:07:21] ::1 user_pn::::: 111111 <<<_ Ubah Menu id  Sukses. _>>>
[2017-03-07 09:52:31] ::1 user_pn::::: 111111 <<<_ Ubah User id  Sukses. _>>>
[2017-03-07 09:53:35] ::1 user_pn::::: 111111 <<<_ Ubah User id  Sukses. _>>>
[2017-03-07 09:54:48] ::1 user_pn::::: 111111 <<<_ Ubah User id  Sukses. _>>>
[2017-03-07 09:55:23] ::1 user_pn::::: 111111 <<<_ Ubah User id  Sukses. _>>>
[2017-03-07 09:56:56] ::1 user_pn::::: 111111 <<<_ Ubah User id  Sukses. _>>>
[2017-03-07 09:57:47] ::1 user_pn::::: 111111 <<<_ Ubah User id  Sukses. _>>>
[2017-03-07 10:02:25] ::1 user_pn::::: 111111 <<<_ Tambah Note Sukses. _>>>
[2017-03-07 10:02:31] ::1 user_pn::::: 111111 <<<_ Tambah Note Sukses. _>>>
[2017-03-07 10:11:49] ::1 user_pn::::: 111111 <<<_ Tambah Note Sukses. _>>>
[2017-03-07 10:13:13] ::1 user_pn::::: 111111 <<<_ Tambah Note Sukses. _>>>
[2017-03-07 10:13:54] ::1 user_pn::::: 111111 <<<_ Tambah Note Sukses. _>>>
[2017-03-07 10:17:24] ::1 user_pn::::: 111111 <<<_ Tambah Note Sukses. _>>>
[2017-03-07 10:17:52] ::1 user_pn::::: 111111 <<<_ Tambah Note Sukses. _>>>
[2017-03-07 10:19:01] ::1 user_pn::::: 111111 <<<_ Tambah Note Sukses. _>>>
[2017-03-07 10:24:40] ::1 user_pn::::: 111111 <<<_ Tambah Note Sukses. _>>>
[2017-03-07 10:26:11] ::1 user_pn::::: 111111 <<<_ Ubah User id  Sukses. _>>>
[2017-03-07 10:26:25] ::1 user_pn::::: 111111 <<<_ Tambah Note Sukses. _>>>
[2017-03-07 10:35:49] ::1 user_pn::::: 111111 <<<_ Tambah Note Sukses. _>>>
[2017-03-07 10:36:11] ::1 user_pn::::: 111111 <<<_ Tambah Note Sukses. _>>>
[2017-03-07 10:39:19] ::1 user_pn::::: 111111 <<<_ Ubah User id  Sukses. _>>>
[2017-03-07 10:40:48] ::1 user_pn::::: 111111 <<<_ Ubah User id  Sukses. _>>>
[2017-03-07 10:49:05] ::1 user_pn::::: 111111 <<<_ Ubah User id  Sukses. _>>>
[2017-03-07 10:58:56] ::1 user_pn::::: 111111 <<<_ Ubah User id  Sukses. _>>>
[2017-03-07 11:14:51] ::1 user_pn::::: 111111 <<<_ Ubah Menu id  Sukses. _>>>
[2017-03-07 11:15:05] ::1 user_pn::::: 111111 <<<_ Ubah Menu id  Sukses. _>>>
[2017-03-07 11:37:55] ::1 user_pn::::: 111111 <<<_ Hapus Menu id (42) Master User Sukses. _>>>
[2017-03-07 11:41:02] ::1 user_pn::::: 111111 <<<_ Ubah Menu id  Sukses. _>>>
[2017-03-07 11:43:29] ::1 user_pn::::: 111111 <<<_ Tambah Note Sukses. _>>>
[2017-03-07 11:50:21] ::1 user_pn::::: 111111 <<<_ Ubah Menu id  Sukses. _>>>
[2017-03-07 11:50:42] ::1 user_pn::::: 111111 <<<_ Ubah Menu id  Sukses. _>>>