
[2017-03-09 03:00:51] ::1 user_pn::::: 111111 <<<_ Tambah Note Sukses. _>>>
[2017-03-09 03:01:35] ::1 user_pn::::: 111111 <<<_ Ubah User id  Sukses. _>>>
[2017-03-09 03:01:59] ::1 user_pn::::: 111111 <<<_ Tambah Note Sukses. _>>>
[2017-03-09 03:02:30] ::1 user_pn::::: 111111 <<<_ Ubah User id  Sukses. _>>>
[2017-03-09 03:19:35] ::1 user_pn::::: 111111 <<<_ Tambah Issue Baru dengan id 12 Sukses. _>>>
[2017-03-09 03:27:25] ::1 user_pn::::: 111111 <<<_ Tambah Issue Baru dengan id 13 Sukses. _>>>
[2017-03-09 03:27:40] ::1 user_pn::::: 111111 <<<_ Tambah Issue Baru dengan id 14 Sukses. _>>>
[2017-03-09 03:28:27] ::1 user_pn::::: 111111 <<<_ Tambah Issue Baru dengan id 15 Sukses. _>>>
[2017-03-09 03:29:11] ::1 user_pn::::: 111111 <<<_ Tambah Issue Baru dengan id 16 Sukses. _>>>
[2017-03-09 03:37:12] ::1 user_pn::::: 111111 <<<_ Tambah Issue Baru dengan id 17 Sukses. _>>>
[2017-03-09 03:38:54] ::1 user_pn::::: 111111 <<<_ Tambah Issue Baru dengan id 18 Sukses. _>>>
[2017-03-09 03:43:30] ::1 user_pn::::: 111111 <<<_ Tambah Issue Baru dengan id 19 Sukses. _>>>
[2017-03-09 03:43:45] ::1 user_pn::::: 111111 <<<_ Tambah Issue Baru dengan id 20 Sukses. _>>>
[2017-03-09 03:53:03] ::1 user_pn::::: 111111 <<<_ Ubah issue id 19 Sukses. _>>>
[2017-03-09 03:53:17] ::1 user_pn::::: 111111 <<<_ Hapus issue id (19) Sukses. _>>>
[2017-03-09 04:08:26] ::1 user_pn::::: 111111 <<<_ Ubah User id  Sukses. _>>>
[2017-03-09 04:09:05] ::1 user_pn::::: 111111 <<<_ Ubah User id  Sukses. _>>>
[2017-03-09 04:19:40] ::1 user_pn::::: 333333 <<<_ Tambah Jawaban Baru dengan id 19 Sukses. _>>>
[2017-03-09 04:25:32] ::1 user_pn::::: 333333 <<<_ Tambah Jawaban Baru dengan id 20 Sukses. _>>>
[2017-03-09 04:29:44] ::1 user_pn::::: 333333 <<<_ Tambah Jawaban Baru dengan id 21 Sukses. _>>>
[2017-03-09 07:38:01] ::1 user_pn::::: 222222 <<<_ Hapus issue id (4) Sukses. _>>>
[2017-03-09 07:41:31] ::1 user_pn::::: 222222 <<<_ Hapus issue id (4) Sukses. _>>>
[2017-03-09 07:42:50] ::1 user_pn::::: 222222 <<<_ Tambah Issue Baru dengan id 21 Sukses. _>>>
[2017-03-09 07:42:58] ::1 user_pn::::: 222222 <<<_ Tambah Jawaban Baru dengan id 22 Sukses. _>>>
[2017-03-09 07:58:30] ::1 user_pn::::: 222222 <<<_ Tambah Issue Baru dengan id 22 Sukses. _>>>
[2017-03-09 07:58:36] ::1 user_pn::::: 222222 <<<_ Hapus issue id (22) Sukses. _>>>
[2017-03-09 08:03:08] ::1 user_pn::::: 222222 <<<_ Hapus issue id (21) Sukses. _>>>
[2017-03-09 08:07:59] ::1 user_pn::::: 222222 <<<_ Hapus Kategori id (1) tes Sukses. _>>>
[2017-03-09 08:14:04] ::1 user_pn::::: 222222 <<<_ Tambah Kategori dengan id 26 Sukses. _>>>
[2017-03-09 08:14:41] ::1 user_pn::::: 222222 <<<_ Tambah Issue Baru dengan id 23 Sukses. _>>>