
[2017-02-21 03:37:50] ::1 user_pn::::: 12345 <<<_ Tambah Menu Baru dengan id 54 Sukses. _>>>
[2017-02-21 04:19:28] ::1 user_pn::::: 12345 <<<_ Tambah Issue Baru dengan id 3 Sukses. _>>>
[2017-02-21 04:19:44] ::1 user_pn::::: 12345 <<<_ Tambah Jawaban Baru dengan id  Sukses. _>>>
[2017-02-21 08:02:13] ::1 user_pn::::: 12345 <<<_ Ubah Jawaban dengan id  Sukses. _>>>
[2017-02-21 08:02:48] ::1 user_pn::::: 12345 <<<_ Ubah Jawaban dengan id  Sukses. _>>>
[2017-02-21 08:24:17] ::1 user_pn::::: 12345 <<<_ Hapus issue id (3) Sukses. _>>>
[2017-02-21 08:24:26] ::1 user_pn::::: 12345 <<<_ Hapus Jawaban id (2) Sukses. _>>>
[2017-02-21 08:26:54] ::1 user_pn::::: 12345 <<<_ Hapus Jawaban id (4) Sukses. _>>>
[2017-02-21 08:28:12] ::1 user_pn::::: 12345 <<<_ Tambah Jawaban Baru dengan id 6 Sukses. _>>>
[2017-02-21 08:34:35] ::1 user_pn::::: 12345 <<<_ Hapus User id (4) 11111 Sukses. _>>>
[2017-02-21 08:35:10] ::1 user_pn::::: 12345 <<<_ Ubah User id 3 Sukses. _>>>
[2017-02-21 08:35:18] ::1 user_pn::::: 12345 <<<_ Hapus User id (3) 111111 Sukses. _>>>
[2017-02-21 08:35:44] ::1 user_pn::::: 12345 <<<_ Tambah User Baru dengan id 5 Sukses. _>>>
[2017-02-21 08:36:59] ::1 user_pn::::: 12345 <<<_ Ubah User id 5 Sukses. _>>>
[2017-02-21 08:37:28] ::1 user_pn::::: 12345 <<<_ Ubah Menu id  Sukses. _>>>
[2017-02-21 08:37:37] ::1 user_pn::::: 12345 <<<_ Ubah Menu id  Sukses. _>>>
[2017-02-21 08:37:46] ::1 user_pn::::: 12345 <<<_ Ubah Menu id  Sukses. _>>>
[2017-02-21 08:38:15] ::1 user_pn::::: 12345 <<<_ Ubah Menu id  Sukses. _>>>
[2017-02-21 08:38:24] ::1 user_pn::::: 12345 <<<_ Ubah Menu id  Sukses. _>>>
[2017-02-21 08:38:35] ::1 user_pn::::: 12345 <<<_ Ubah Menu id  Sukses. _>>>
[2017-02-21 08:38:46] ::1 user_pn::::: 12345 <<<_ Ubah Menu id  Sukses. _>>>
[2017-02-21 08:40:17] ::1 user_pn::::: 12345 <<<_ Ubah Menu id  Sukses. _>>>
[2017-02-21 09:15:13] ::1 user_pn::::: 12345 <<<_ Ubah Menu id  Sukses. _>>>
[2017-02-21 09:15:28] ::1 user_pn::::: 12345 <<<_ Ubah Menu id  Sukses. _>>>