
[2017-03-06 02:33:29] ::1 user_pn::::: 111111 <<<_ Ubah Menu id  Sukses. _>>>
[2017-03-06 02:33:40] ::1 user_pn::::: 111111 <<<_ Ubah Menu id  Sukses. _>>>
[2017-03-06 02:48:34] ::1 user_pn::::: 111111 <<<_ Tambah Note Sukses. _>>>
[2017-03-06 02:57:27] ::1 user_pn::::: 111111 <<<_ Tambah Note Sukses. _>>>
[2017-03-06 02:57:31] ::1 user_pn::::: 111111 <<<_ Tambah Note Sukses. _>>>
[2017-03-06 03:08:30] ::1 user_pn::::: 111111 <<<_ Tambah Note Sukses. _>>>
[2017-03-06 03:10:56] ::1 user_pn::::: 111111 <<<_ Tambah Note Sukses. _>>>
[2017-03-06 03:28:18] ::1 user_pn::::: 111111 <<<_ Tambah Menu Baru dengan id 56 Sukses. _>>>
[2017-03-06 03:28:45] ::1 user_pn::::: 111111 <<<_ Tambah Menu Baru dengan id 57 Sukses. _>>>
[2017-03-06 03:29:12] ::1 user_pn::::: 111111 <<<_ Tambah Menu Baru dengan id 58 Sukses. _>>>
[2017-03-06 04:07:44] ::1 user_pn::::: 111111 <<<_ Ubah Menu id  Sukses. _>>>
[2017-03-06 04:34:25] ::1 user_pn::::: 111111 <<<_ Tambah SPK vendor Baru dengan id 3055 Sukses. _>>>
[2017-03-06 04:34:44] ::1 user_pn::::: 111111 <<<_ Correct id 2 Sukses. _>>>
[2017-03-06 04:34:48] ::1 user_pn::::: 111111 <<<_ Correct id 3 Sukses. _>>>
[2017-03-06 04:34:54] ::1 user_pn::::: 111111 <<<_ Correct id 5 Sukses. _>>>
[2017-03-06 04:36:46] ::1 user_pn::::: 111111 <<<_ Tambah Jawaban Baru dengan id 17 Sukses. _>>>
[2017-03-06 04:36:53] ::1 user_pn::::: 111111 <<<_ Correct id 6 Sukses. _>>>
[2017-03-06 04:36:59] ::1 user_pn::::: 111111 <<<_ Tambah Jawaban Baru dengan id 18 Sukses. _>>>
[2017-03-06 04:37:04] ::1 user_pn::::: 111111 <<<_ Correct id 11 Sukses. _>>>
[2017-03-06 04:46:10] ::1 user_pn::::: 111111 <<<_ Tambah Monitor Barud engan id 1 Sukses. _>>>
[2017-03-06 07:56:07] ::1 user_pn::::: 111111 <<<_ Tambah Monitor Baru dengan id 2 Sukses. _>>>
[2017-03-06 07:56:22] ::1 user_pn::::: 111111 <<<_ Tambah Monitor Baru dengan id 3 Sukses. _>>>
[2017-03-06 07:56:32] ::1 user_pn::::: 111111 <<<_ Tambah Monitor Baru dengan id 4 Sukses. _>>>
[2017-03-06 08:52:43] ::1 user_pn::::: 111111 <<<_ Tambah Note Sukses. _>>>
[2017-03-06 08:52:45] ::1 user_pn::::: 111111 <<<_ Tambah Note Sukses. _>>>
[2017-03-06 08:52:47] ::1 user_pn::::: 111111 <<<_ Tambah Note Sukses. _>>>
[2017-03-06 08:52:52] ::1 user_pn::::: 111111 <<<_ Tambah Note Sukses. _>>>
[2017-03-06 08:52:54] ::1 user_pn::::: 111111 <<<_ Tambah Note Sukses. _>>>
[2017-03-06 08:52:58] ::1 user_pn::::: 111111 <<<_ Tambah Note Sukses. _>>>
[2017-03-06 09:01:03] ::1 user_pn::::: 111111 <<<_ Tambah Note Sukses. _>>>
[2017-03-06 10:28:53] ::1 user_pn::::: 111111 <<<_ Tambah Note Sukses. _>>>
[2017-03-06 10:29:08] ::1 user_pn::::: 111111 <<<_ Tambah Note Sukses. _>>>