
[2017-03-10 04:34:04] ::1 user_pn::::: 111111 <<<_ Tambah Issue Baru dengan id 27 Sukses. _>>>
[2017-03-10 04:41:41] ::1 user_pn::::: 111111 <<<_ Tambah Jawaban Baru dengan id 1 Sukses. _>>>
[2017-03-10 04:41:51] ::1 user_pn::::: 111111 <<<_ Correct id 23 Sukses. _>>>
[2017-03-10 04:41:57] ::1 user_pn::::: 111111 <<<_ Tambah Jawaban Baru dengan id 2 Sukses. _>>>
[2017-03-10 04:42:03] ::1 user_pn::::: 111111 <<<_ Correct id 24 Sukses. _>>>
[2017-03-10 04:42:10] ::1 user_pn::::: 111111 <<<_ Tambah Jawaban Baru dengan id 3 Sukses. _>>>
[2017-03-10 04:42:19] ::1 user_pn::::: 111111 <<<_ Correct id 34 Sukses. _>>>
[2017-03-10 04:53:21] ::1 user_pn::::: 111111 <<<_ Tambah Issue Baru dengan id 39 Sukses. _>>>
[2017-03-10 04:54:08] ::1 user_pn::::: 111111 <<<_ Tambah Issue Baru dengan id 40 Sukses. _>>>
[2017-03-10 08:44:46] ::1 user_pn::::: 111111 <<<_ Aktifasi User id (9) 444444 Sukses. _>>>
[2017-03-10 08:45:10] ::1 user_pn::::: 111111 <<<_ Ubah User id 9 Sukses. _>>>
[2017-03-10 09:39:55] ::1 user_pn::::: 111111 <<<_ Tambah User Baru dengan id 10 Sukses. _>>>
[2017-03-10 09:51:44] ::1 user_pn::::: 111111 <<<_ Ubah User id 9 Sukses. _>>>
[2017-03-10 10:10:59] ::1 user_pn::::: 111111 <<<_ Tambah Issue Baru dengan id 41 Sukses. _>>>
[2017-03-10 10:30:45] ::1 user_pn::::: 111111 <<<_ Tambah Jawaban Baru dengan id 4 Sukses. _>>>
[2017-03-10 10:30:49] ::1 user_pn::::: 111111 <<<_ Tambah Jawaban Baru dengan id 5 Sukses. _>>>
[2017-03-10 10:31:06] ::1 user_pn::::: 111111 <<<_ Correct id 39 Sukses. _>>>
[2017-03-10 10:42:17] ::1 user_pn::::: 111111 <<<_ Tambah Jawaban Baru dengan id 6 Sukses. _>>>
[2017-03-10 10:42:21] ::1 user_pn::::: 111111 <<<_ Tambah Jawaban Baru dengan id 7 Sukses. _>>>
[2017-03-10 10:42:25] ::1 user_pn::::: 111111 <<<_ Tambah Jawaban Baru dengan id 8 Sukses. _>>>
[2017-03-10 10:42:40] ::1 user_pn::::: 111111 <<<_ Correct id 40 Sukses. _>>>
[2017-03-10 10:50:29] ::1 user_pn::::: 111111 <<<_ Ubah Jawaban id 6 Sukses. _>>>
[2017-03-10 10:50:34] ::1 user_pn::::: 111111 <<<_ Ubah Jawaban id 7 Sukses. _>>>
[2017-03-10 10:50:38] ::1 user_pn::::: 111111 <<<_ Ubah Jawaban id 8 Sukses. _>>>
[2017-03-10 10:51:40] ::1 user_pn::::: 111111 <<<_ Ubah Jawaban id 4 Sukses. _>>>
[2017-03-10 10:51:46] ::1 user_pn::::: 111111 <<<_ Ubah Jawaban id 5 Sukses. _>>>