
[2017-03-15 04:11:38] ::1 user_pn::::: 111111 <<<_ Tambah Jawaban Baru dengan id 47 Sukses. _>>>
[2017-03-15 04:15:40] ::1 user_pn::::: 111111 <<<_ Tambah Ticket Baru dengan id  Sukses. _>>>
[2017-03-15 04:25:26] ::1 user_pn::::: 111111 <<<_ Hapus Ticket id (45) Sukses. _>>>
[2017-03-15 04:25:29] ::1 user_pn::::: 111111 <<<_ Hapus Ticket id (44) Sukses. _>>>
[2017-03-15 05:09:23] ::1 user_pn::::: 111111 <<<_ Tambah Ticket Baru dengan id  Sukses. _>>>
[2017-03-15 05:09:35] ::1 user_pn::::: 111111 <<<_ Tambah Jawaban Baru dengan id 48 Sukses. _>>>
[2017-03-15 05:09:40] ::1 user_pn::::: 111111 <<<_ Tambah Jawaban Baru dengan id 49 Sukses. _>>>
[2017-03-15 07:40:28] ::1 user_pn::::: 111111 <<<_ Tambah Menu Baru dengan id 61 Sukses. _>>>
[2017-03-15 07:41:54] ::1 user_pn::::: 111111 <<<_ Tambah Menu Baru dengan id 62 Sukses. _>>>
[2017-03-15 08:08:20] ::1 user_pn::::: 111111 <<<_ Tambah Ticket Baru dengan id  Sukses. _>>>
[2017-03-15 08:08:20] ::1 user_pn::::: 111111 <<<_ Tambah Ticket Baru dengan id  Sukses. _>>>
[2017-03-15 08:08:33] ::1 user_pn::::: 111111 <<<_ Tambah Ticket Baru dengan id  Sukses. _>>>
[2017-03-15 08:08:57] ::1 user_pn::::: 111111 <<<_ Tambah Ticket Baru dengan id  Sukses. _>>>
[2017-03-15 08:09:24] ::1 user_pn::::: 111111 <<<_ Tambah Ticket Baru dengan id  Sukses. _>>>
[2017-03-15 10:27:25] ::1 user_pn::::: 111111 <<<_ Tambah Ticket Baru dengan id  Sukses. _>>>
[2017-03-15 10:27:38] ::1 user_pn::::: 111111 <<<_ Tambah Ticket Baru dengan id  Sukses. _>>>
[2017-03-15 10:28:58] ::1 user_pn::::: 111111 <<<_ Tambah Ticket Baru dengan id  Sukses. _>>>
[2017-03-15 10:29:11] ::1 user_pn::::: 111111 <<<_ Tambah Ticket Baru dengan id  Sukses. _>>>
[2017-03-15 10:43:25] ::1 user_pn::::: 111111 <<<_ Correct id  Sukses. _>>>
[2017-03-15 11:24:23] ::1 user_pn::::: 111111 <<<_ unpin sukses _>>>
[2017-03-15 11:24:26] ::1 user_pn::::: 111111 <<<_ unpin sukses _>>>
[2017-03-15 11:24:27] ::1 user_pn::::: 111111 <<<_ unpin sukses _>>>
[2017-03-15 11:24:33] ::1 user_pn::::: 111111 <<<_ unpin sukses _>>>
[2017-03-15 11:24:35] ::1 user_pn::::: 111111 <<<_ unpin sukses _>>>
[2017-03-15 11:24:35] ::1 user_pn::::: 111111 <<<_ unpin sukses _>>>
[2017-03-15 11:24:38] ::1 user_pn::::: 111111 <<<_ unpin sukses _>>>