
[2017-03-22 03:43:58] ::1 user_pn::::: 111111 <<<_ Data ditemukan _>>>
[2017-03-22 03:48:18] ::1 user_pn::::: 111111 <<<_ Data ditemukan _>>>
[2017-03-22 03:48:36] ::1 user_pn::::: 111111 <<<_ Data ditemukan _>>>
[2017-03-22 03:48:50] ::1 user_pn::::: 111111 <<<_ Data ditemukan _>>>
[2017-03-22 03:49:01] ::1 user_pn::::: 111111 <<<_ Data ditemukan _>>>
[2017-03-22 03:49:45] ::1 user_pn::::: 111111 <<<_ Data ditemukan _>>>
[2017-03-22 03:50:04] ::1 user_pn::::: 111111 <<<_ Data ditemukan _>>>
[2017-03-22 03:50:13] ::1 user_pn::::: 111111 <<<_ Data ditemukan _>>>
[2017-03-22 03:51:11] ::1 user_pn::::: 111111 <<<_ Data ditemukan _>>>
[2017-03-22 03:51:39] ::1 user_pn::::: 111111 <<<_ Data ditemukan _>>>
[2017-03-22 04:00:12] ::1 user_pn::::: 111111 <<<_ Data ditemukan _>>>
[2017-03-22 04:00:43] ::1 user_pn::::: 111111 <<<_ Data ditemukan _>>>
[2017-03-22 04:01:14] ::1 user_pn::::: 111111 <<<_ Data ditemukan _>>>
[2017-03-22 04:01:40] ::1 user_pn::::: 111111 <<<_ Data ditemukan _>>>
[2017-03-22 04:03:19] ::1 user_pn::::: 111111 <<<_ Data ditemukan _>>>
[2017-03-22 04:07:38] ::1 user_pn::::: 111111 <<<_ Data ditemukan _>>>
[2017-03-22 04:08:02] ::1 user_pn::::: 111111 <<<_ Data ditemukan _>>>
[2017-03-22 04:08:14] ::1 user_pn::::: 111111 <<<_ Data ditemukan _>>>
[2017-03-22 04:08:26] ::1 user_pn::::: 111111 <<<_ Data ditemukan _>>>
[2017-03-22 04:26:53] ::1 user_pn::::: 111111 <<<_ Data ditemukan _>>>
[2017-03-22 04:27:07] ::1 user_pn::::: 111111 <<<_ Data ditemukan _>>>
[2017-03-22 04:27:21] ::1 user_pn::::: 111111 <<<_ Data ditemukan _>>>
[2017-03-22 04:27:25] ::1 user_pn::::: 111111 <<<_ Data ditemukan _>>>
[2017-03-22 04:28:35] ::1 user_pn::::: 111111 <<<_ Data ditemukan _>>>
[2017-03-22 04:28:39] ::1 user_pn::::: 111111 <<<_ Data ditemukan _>>>
[2017-03-22 04:37:20] ::1 user_pn::::: 111111 <<<_ Data ditemukan _>>>
[2017-03-22 05:49:13] ::1 user_pn::::: 111111 <<<_ Tambah Jawaban Baru dengan id 53 Sukses. _>>>
[2017-03-22 05:49:17] ::1 user_pn::::: 111111 <<<_ Tambah Jawaban Baru dengan id 54 Sukses. _>>>
[2017-03-22 05:49:22] ::1 user_pn::::: 111111 <<<_ Tambah Jawaban Baru dengan id 55 Sukses. _>>>
[2017-03-22 08:37:04] ::1 user_pn::::: 111111 <<<_ Data ditemukan _>>>
[2017-03-22 08:40:36] ::1 user_pn::::: 111111 <<<_ Correct id  Sukses. _>>>
[2017-03-22 09:58:13] ::1 user_pn::::: 111111 <<<_ Data ditemukan _>>>
[2017-03-22 10:33:12] ::1 user_pn::::: 111111 <<<_ Tambah Ticket Baru dengan id 201 Sukses. _>>>
[2017-03-22 10:36:20] ::1 user_pn::::: 111111 <<<_ Hapus Ticket id (58) Sukses. _>>>