
[2017-02-16 04:48:51] ::1 user_pn::::: 12345 <<<_ dimiss Vendor id (19) yy Sukses. _>>>
[2017-02-16 04:51:08] ::1 user_pn::::: 12345 <<<_ Ubah Kontrak Vendor id 19 Sukses. _>>>
[2017-02-16 04:51:40] ::1 user_pn::::: 12345 <<<_ dimiss Vendor id (19) yy Sukses. _>>>
[2017-02-16 04:51:44] ::1 user_pn::::: 12345 <<<_ dimiss Vendor id (21) KK Sukses. _>>>
[2017-02-16 04:51:46] ::1 user_pn::::: 12345 <<<_ dimiss Vendor id (23) NN Sukses. _>>>
[2017-02-16 04:52:02] ::1 user_pn::::: 12345 <<<_ Ubah Kontrak Vendor id 21 Sukses. _>>>
[2017-02-16 04:52:07] ::1 user_pn::::: 12345 <<<_ Ubah Kontrak Vendor id 19 Sukses. _>>>
[2017-02-16 04:52:12] ::1 user_pn::::: 12345 <<<_ Ubah Kontrak Vendor id 23 Sukses. _>>>
[2017-02-16 05:44:42] ::1 user_pn::::: 12345 <<<_ Hapus Menu id (42) Master User Sukses. _>>>
[2017-02-16 05:48:51] ::1 user_pn::::: 12345 <<<_ Ubah Menu id  Sukses. _>>>
[2017-02-16 05:48:57] ::1 user_pn::::: 12345 <<<_ Ubah Menu id  Sukses. _>>>
[2017-02-16 05:49:17] ::1 user_pn::::: 12345 <<<_ Ubah Menu id  Sukses. _>>>
[2017-02-16 05:49:26] ::1 user_pn::::: 12345 <<<_ Ubah Menu id  Sukses. _>>>
[2017-02-16 05:50:44] ::1 user_pn::::: 12345 <<<_ Ubah Menu id  Sukses. _>>>
[2017-02-16 05:50:56] ::1 user_pn::::: 12345 <<<_ Ubah Menu id  Sukses. _>>>
[2017-02-16 05:51:08] ::1 user_pn::::: 12345 <<<_ Ubah Menu id  Sukses. _>>>
[2017-02-16 05:51:44] ::1 user_pn::::: 12345 <<<_ Tambah Menu Baru dengan id 48 Sukses. _>>>
[2017-02-16 05:52:18] ::1 user_pn::::: 12345 <<<_ Tambah Menu Baru dengan id 49 Sukses. _>>>
[2017-02-16 07:08:43] ::1 user_pn::::: 12345 <<<_ Ubah Menu id  Sukses. _>>>
[2017-02-16 07:09:16] ::1 user_pn::::: 12345 <<<_ Tambah Hak Akses Baru dengan id 4 Sukses. _>>>
[2017-02-16 07:44:34] ::1 user_pn::::: 12345 <<<_ Hapus User id (2) 121212 Sukses. _>>>
[2017-02-16 07:45:11] ::1 user_pn::::: 12345 <<<_ Tambah Hak Akses Baru dengan id 3 Sukses. _>>>
[2017-02-16 07:45:23] ::1 user_pn::::: 12345 <<<_ Ubah User id 3 Sukses. _>>>
[2017-02-16 07:48:18] ::1 user_pn::::: 12345 <<<_ Aktifasi User id (3) 111111 Sukses. _>>>
[2017-02-16 07:48:29] ::1 user_pn::::: 12345 <<<_ Ubah User id 3 Sukses. _>>>
[2017-02-16 08:00:21] ::1 user_pn::::: 12345 <<<_ Aktifasi User id (3) 111111 Sukses. _>>>
[2017-02-16 08:57:55] ::1 user_pn::::: 12345 <<<_ Tambah Menu Baru dengan id 50 Sukses. _>>>
[2017-02-16 08:58:18] ::1 user_pn::::: 12345 <<<_ Tambah Menu Baru dengan id 51 Sukses. _>>>
[2017-02-16 08:59:01] ::1 user_pn::::: 12345 <<<_ Tambah Menu Baru dengan id 52 Sukses. _>>>
[2017-02-16 09:02:58] ::1 user_pn::::: 12345 <<<_ Tambah Menu Baru dengan id 53 Sukses. _>>>
[2017-02-16 10:58:45] ::1 user_pn::::: 12345 <<<_ Ubah Menu id  Sukses. _>>>
[2017-02-16 10:58:58] ::1 user_pn::::: 12345 <<<_ Ubah Menu id  Sukses. _>>>