
[] ::1 
[] ::1 
[] ::1 
[2017-02-09 07:31:00] ::1 
[2017-02-09 07:33:21] ::1 
[2017-02-09 07:35:50] ::1 12345
[2017-02-09 08:02:07] ::1 12345
[2017-02-09 08:03:19] ::1 12345
[2017-02-09 08:03:43] ::1 12345
[2017-02-09 08:06:00] ::1 12345
[2017-02-09 08:55:45] ::1 12345
[2017-02-09 15:57:42] ::1 12345
[2017-02-10 07:24:24] ::1 12345
[2017-02-10 08:17:42] ::1 unama =  && pass = 
[2017-02-10 08:19:02] ::1 unama = 121212 && pass = 
[2017-02-10 08:19:28] ::1 unama = 121212 && pass = 121212
[2017-02-10 08:19:40] ::1 unama = 121212 && pass = 121212
[2017-02-10 08:22:08] ::1 12345
[2017-02-10 11:25:42] ::1 12345
[2017-02-13 02:21:57] ::1 unama = adminbalava && pass = r4hasiak
[2017-02-13 02:22:28] ::1 unama = 12345 && pass = 12345
[2017-02-13 02:22:38] ::1 12345
[2017-02-13 09:53:52] ::1 12345
[2017-02-14 10:19:26] ::1 12345
[2017-02-16 01:36:45] ::1 12345
[2017-02-17 04:48:09] ::1 12345
[2017-02-20 02:34:39] ::1 12345
[2017-02-20 08:07:02] ::1 12345
[2017-02-21 08:36:03] ::1 11
[2017-02-21 08:36:18] ::1 12345
[2017-02-21 08:39:02] ::1 signer@gmail.com
[2017-02-21 08:39:48] ::1 unama = admin@bri.co.id && pass = 123456
[2017-02-21 08:40:01] ::1 adminosd@bri.co.id
[2017-02-21 08:40:39] ::1 unama = signer@gmail.com && pass = r4hasiak
[2017-02-21 08:40:51] ::1 signer@gmail.com
[2017-02-21 08:41:34] ::1 12345
[2017-02-21 08:47:52] ::1 signer@gmail.com
[2017-02-21 09:14:54] ::1 12345
[2017-02-21 10:21:02] ::1 signer@gmail.com
[2017-02-21 11:11:18] ::1 12345
[2017-02-21 11:11:42] ::1 signer@gmail.com
[2017-02-22 02:16:42] ::1 alert = <p>The Password field must be at least 6 characters in length.</p>

[2017-02-22 02:16:51] ::1 12345
[2017-02-22 02:18:21] ::1 signer@gmail.com
[2017-02-22 02:24:30] ::1 12345
[2017-02-22 02:25:19] ::1 signer@gmail.com
[2017-02-22 02:25:48] ::1 unama = 12345admin && pass = 123456
[2017-02-22 02:25:53] ::1 12345
[2017-02-22 02:26:41] ::1 signer@gmail.com
[2017-02-22 02:28:24] ::1 12345
[2017-02-22 02:30:20] ::1 signer@gmail.com
[2017-02-22 02:35:42] ::1 12345
[2017-02-22 02:44:31] ::1 11
[2017-02-22 12:45:22] ::1 12345
[2017-02-22 12:45:40] ::1 11
[2017-02-23 02:22:06] ::1 11
[2017-02-23 07:15:58] ::1 12345
[2017-02-23 07:26:22] ::1 11
[2017-02-23 07:40:30] ::1 12345
[2017-02-23 07:40:51] ::1 11
[2017-02-23 07:58:55] ::1 12345
[2017-02-24 03:55:47] ::1 11
[2017-02-24 04:11:54] ::1 12345
[2017-02-24 05:13:47] ::1 11
[2017-02-27 01:32:02] ::1 12345
[2017-02-28 09:46:33] ::1 11
[2017-03-01 02:37:17] ::1 12345
[2017-03-01 07:27:46] ::1 111111
[2017-03-02 08:08:52] ::1 111111
[2017-03-03 10:16:29] ::1 unama = adminbalava && pass = r4hasiak
[2017-03-03 10:16:45] ::1 111111
[2017-03-03 10:17:28] ::1 333333
[2017-03-03 10:28:00] ::1 unama = 111111 && pass = r4hasiak
[2017-03-03 10:28:08] ::1 111111
[2017-03-06 02:28:31] ::1 111111
[2017-03-07 08:17:39] ::1 unama = 121212 && pass = 123456
[2017-03-07 08:17:50] ::1 333333
[2017-03-07 08:26:38] ::1 111111
[2017-03-08 07:35:33] ::1 111111
[2017-03-08 08:03:23] ::1 111111
[2017-03-09 04:18:39] ::1 333333
[2017-03-09 04:34:14] ::1 222222
[2017-03-09 09:05:11] ::1 alert = <p>The Password field is required.</p>

[2017-03-09 09:07:09] ::1 alert = register succes, you can login after user activated
[2017-03-09 09:07:19] ::1 111111
[2017-03-13 02:04:41] ::1 111111
[2017-03-17 08:26:38] ::1 333333
[2017-03-17 08:50:09] ::1 unama = 1111111 && pass = 123456
[2017-03-17 08:50:16] ::1 111111
[2017-03-20 02:15:27] ::1 111111
[2017-03-20 08:34:08] ::1 333333
[2017-03-20 09:30:53] ::1 111111
[2017-03-21 04:08:45] ::1 111111
[2017-03-23 02:19:49] ::1 333333
[2017-03-23 04:18:28] ::1 111111
[2017-03-23 05:24:06] ::1 alert = register succes, you can login after user activated
[2017-03-23 05:24:13] ::1 111111
[2017-03-23 09:41:07] ::1 111111
[2017-03-24 08:00:05] ::1 111111
[2017-03-27 03:39:55] ::1 111111
[2017-03-27 04:50:44] ::1 111111
[2017-03-29 04:58:01] ::1 111111
[2017-03-30 04:48:10] ::1 111111
[2017-03-30 06:28:25] ::1 333333
[2017-03-31 05:21:31] ::1 111111
[2017-04-03 02:33:06] ::1 111111
[2017-04-06 09:10:07] ::1 alert = register succes, you can login after user activated
[2017-04-06 09:10:14] ::1 111111
[2017-04-07 03:47:10] ::1 unama = 111111 && pass = 123456\
[2017-04-07 03:47:16] ::1 111111
[2017-04-07 03:48:18] ::1 111111
[2017-04-07 03:51:27] ::1 111111
[2017-04-07 03:58:23] ::1 111111
[2017-04-07 04:01:52] ::1 unama = 333333 && pass = 123456
[2017-04-07 04:01:59] ::1 unama = 333333 && pass = 123456
[2017-04-07 04:02:08] ::1 unama = 333333 && pass = 121212
[2017-04-07 04:02:14] ::1 111111
[2017-04-07 04:03:04] ::1 333333
[2017-04-07 06:18:10] ::1 333333
[2017-04-07 08:45:14] ::1 333333
[2017-08-21 08:29:25] ::1 111111
[2017-09-07 04:29:52] ::1 administrator
[2017-10-03 04:11:26] ::1 unama = 111111 && pass = 123456
[2017-10-03 04:11:34] ::1 unama = admin && pass = 123456
[2017-10-03 04:11:43] ::1 unama = administrator && pass = 123456
[2017-10-03 04:11:54] ::1 unama = 111111 && pass = 123456
[2017-10-03 04:12:01] ::1 administrator
[2017-10-06 10:59:34] ::1 administrator
[2017-10-12 04:24:58] ::1 administrator
[2017-10-26 10:55:12] ::1 administrator
[2017-11-20 06:28:48] ::1 administrator
[2017-11-30 05:57:29] ::1 administrator
[2017-12-13 03:24:35] ::1 administrator
[2018-01-02 08:06:22] ::1 administrator
[2018-01-04 09:23:36] ::1 administrator
[2018-01-05 03:00:25] ::1 administrator
[2018-01-05 08:14:11] ::1 administrator
[2018-01-08 02:50:54] ::1 administrator
[2018-01-08 09:17:21] ::1 alert = <p>The Jabatan field is required.</p>

[2018-01-08 09:20:13] ::1 alert = register succes, you can login after user activated
[2018-01-09 03:02:37] ::1 administrator
[2018-01-10 09:35:52] ::1 administrator
[2018-01-15 07:54:51] ::1 administrator
[2018-02-05 08:21:04] ::1 administrator
[2018-02-08 02:08:15] ::1 administrator
[2018-02-12 09:18:53] ::1 administrator
[2018-02-13 08:39:43] ::1 administrator
[2018-02-15 02:33:07] ::1 administrator
[2018-02-20 01:55:58] ::1 administrator
[2018-02-21 02:05:46] ::1 administrator
[2018-02-21 06:47:10] ::1 administrator
[2018-02-22 08:03:45] ::1 administrator
[2018-02-22 08:09:43] ::1 administrator
[2018-02-26 02:38:22] ::1 administrator
[2018-02-28 08:47:33] ::1 administrator
[2018-03-01 02:14:51] ::1 administrator
[2018-03-21 08:12:33] ::1 alert = <p>The Password field must be at least 6 characters in length.</p>

[2018-03-21 08:41:01] ::1 administrator
[2018-03-26 08:16:41] ::1 unama = administrator && pass = P@ssw0rd
[2018-03-26 08:16:50] ::1 administrator
[2018-04-10 05:24:40] ::1 administrator
[2018-05-17 08:09:28] ::1 administrator
[2018-05-21 09:21:09] ::1 administrator
[2018-05-28 06:02:31] ::1 administrator
[2018-05-30 08:31:08] ::1 administrator
[2018-06-06 03:14:54] ::1 administrator
[2018-06-06 09:08:57] ::1 administrator
[2018-06-25 03:19:50] ::1 administrator
[2018-06-25 09:41:57] ::1 administrator
[2018-06-28 04:08:08] ::1 administrator
[2018-06-28 08:31:30] ::1 administrator
[2018-06-28 09:10:41] ::1 administrator
[2018-07-02 03:50:47] ::1 administrator
[2018-07-02 09:00:14] ::1 administrator
[2018-07-03 05:39:53] ::1 administrator
[2018-07-03 11:59:32] ::1 administrator
[2018-07-04 06:38:51] ::1 administrator
[2018-07-06 09:28:10] ::1 administrator